INFO:2023-08-09 08:59:48:nuclia loader:adding resource for https://www.rfa.org/korean/in_focus/40897-20000914.html, language kr
INFO:2023-08-09 08:59:48:httpx:HTTP Request: POST https://europe-1.nuclia.cloud/api/v1/kb/1194b6c4-fc68-4dcf-b969-49b96380bfe9/resources "HTTP/1.1 500 Internal Server Error"
ERROR:2023-08-09 08:59:48:nuclia loader:Unknown error connecting to API: 500: {"detail":"Error while sending to process"}
Traceback (most recent call last):
--
INFO:2023-08-09 08:59:48:nuclia loader:adding resource for https://www.rfa.org/korean/in_focus/40people_accept_tokorea_toUSA-20071230.html, language kr
INFO:2023-08-09 08:59:48:httpx:HTTP Request: POST https://europe-1.nuclia.cloud/api/v1/kb/1194b6c4-fc68-4dcf-b969-49b96380bfe9/resources "HTTP/1.1 500 Internal Server Error"
ERROR:2023-08-09 08:59:48:nuclia loader:Unknown error connecting to API: 500: {"detail":"Error while sending to process"}
Traceback (most recent call last):
--
INFO:2023-08-09 08:59:48:nuclia loader:adding resource for https://www.rfa.org/korean/in_focus/41017-20000917.html, language kr
INFO:2023-08-09 08:59:49:httpx:HTTP Request: POST https://europe-1.nuclia.cloud/api/v1/kb/1194b6c4-fc68-4dcf-b969-49b96380bfe9/resources "HTTP/1.1 500 Internal Server Error"
ERROR:2023-08-09 08:59:49:nuclia loader:Unknown error connecting to API: 500: {"detail":"Error while sending to process"}
Traceback (most recent call last):
--
INFO:2023-08-09 08:59:49:nuclia loader:adding resource for https://www.rfa.org/korean/in_focus/41018-20000917.html, language kr
INFO:2023-08-09 08:59:49:httpx:HTTP Request: POST https://europe-1.nuclia.cloud/api/v1/kb/1194b6c4-fc68-4dcf-b969-49b96380bfe9/resources "HTTP/1.1 500 Internal Server Error"
ERROR:2023-08-09 08:59:49:nuclia loader:Unknown error connecting to API: 500: {"detail":"Error while sending to process"}
Traceback (most recent call last):
--
INFO:2023-08-09 08:59:49:nuclia loader:adding resource for https://www.rfa.org/korean/in_focus/41019-20000917.html, language kr
INFO:2023-08-09 08:59:49:httpx:HTTP Request: POST https://europe-1.nuclia.cloud/api/v1/kb/1194b6c4-fc68-4dcf-b969-49b96380bfe9/resources "HTTP/1.1 500 Internal Server Error"
ERROR:2023-08-09 08:59:49:nuclia loader:Unknown error connecting to API: 500: {"detail":"Error while sending to process"}
Traceback (most recent call last):
--
INFO:2023-08-09 08:59:49:nuclia loader:adding resource for https://www.rfa.org/korean/in_focus/41020-20000917.html, language kr
INFO:2023-08-09 08:59:50:httpx:HTTP Request: POST https://europe-1.nuclia.cloud/api/v1/kb/1194b6c4-fc68-4dcf-b969-49b96380bfe9/resources "HTTP/1.1 500 Internal Server Error"
ERROR:2023-08-09 08:59:50:nuclia loader:Unknown error connecting to API: 500: {"detail":"Error while sending to process"}
Traceback (most recent call last):
--
INFO:2023-08-09 08:59:59:nuclia loader:adding resource for https://www.rfa.org/korean/in_focus/41308-20000921.html, language kr
INFO:2023-08-09 08:59:59:httpx:HTTP Request: POST https://europe-1.nuclia.cloud/api/v1/kb/1194b6c4-fc68-4dcf-b969-49b96380bfe9/resources "HTTP/1.1 500 Internal Server Error"
ERROR:2023-08-09 08:59:59:nuclia loader:Unknown error connecting to API: 500: {"detail":"Error while sending to process"}
Traceback (most recent call last):
--
INFO:2023-08-09 09:00:00:nuclia loader:adding resource for https://www.rfa.org/korean/in_focus/41468-20000924.html, language kr
INFO:2023-08-09 09:00:00:httpx:HTTP Request: POST https://europe-1.nuclia.cloud/api/v1/kb/1194b6c4-fc68-4dcf-b969-49b96380bfe9/resources "HTTP/1.1 500 Internal Server Error"
ERROR:2023-08-09 09:00:00:nuclia loader:Unknown error connecting to API: 500: {"detail":"Error while sending to process"}
Traceback (most recent call last):
--
INFO:2023-08-09 09:00:00:nuclia loader:adding resource for https://www.rfa.org/korean/in_focus/41469-20000924.html, language kr
INFO:2023-08-09 09:00:00:httpx:HTTP Request: POST https://europe-1.nuclia.cloud/api/v1/kb/1194b6c4-fc68-4dcf-b969-49b96380bfe9/resources "HTTP/1.1 500 Internal Server Error"
ERROR:2023-08-09 09:00:00:nuclia loader:Unknown error connecting to API: 500: {"detail":"Error while sending to process"}
Traceback (most recent call last):
INFO:2023-08-10 12:36:13:httpx:HTTP Request: POST https://europe-1.nuclia.cloud/api/v1/kb/1194b6c4-fc68-4dcf-b969-49b96380bfe9/resources "HTTP/1.1 201 Created"
INFO:2023-08-10 12:36:13:nuclia loader:14.6% complete | 15554 of 106449 
INFO:2023-08-10 12:36:13:nuclia loader:adding resource for https://www.rfa.org/korean/in_focus/CYBER_TERROR-07082009175754.html, language kr
INFO:2023-08-10 12:36:14:httpx:HTTP Request: POST https://europe-1.nuclia.cloud/api/v1/kb/1194b6c4-fc68-4dcf-b969-49b96380bfe9/resources "HTTP/1.1 201 Created"
INFO:2023-08-10 12:36:14:nuclia loader:14.6% complete | 15555 of 106449 
INFO:2023-08-10 12:36:14:nuclia loader:adding resource for https://www.rfa.org/korean/in_focus/CYBER_TERROR_nk-07092009173901.html, language kr
INFO:2023-08-10 12:36:15:httpx:HTTP Request: POST https://europe-1.nuclia.cloud/api/v1/kb/1194b6c4-fc68-4dcf-b969-49b96380bfe9/resources "HTTP/1.1 201 Created"
--
INFO:2023-08-10 13:11:12:nuclia loader:adding resource for https://www.rfa.org/korean/in_focus/corrruption-11302011173409.html, language kr
INFO:2023-08-10 13:11:12:httpx:HTTP Request: POST https://europe-1.nuclia.cloud/api/v1/kb/1194b6c4-fc68-4dcf-b969-49b96380bfe9/resources "HTTP/1.1 403 Forbidden"
ERROR:2023-08-10 13:11:12:nuclia loader:Auth error 403: 
Traceback (most recent call last):
--
INFO:2023-08-10 14:50:59:nuclia loader:adding resource for https://www.rfa.org/korean/in_focus/food_international_org/tour-12032013152128.html, language kr
INFO:2023-08-10 14:50:59:httpx:HTTP Request: POST https://europe-1.nuclia.cloud/api/v1/kb/1194b6c4-fc68-4dcf-b969-49b96380bfe9/resources "HTTP/1.1 403 Forbidden"
ERROR:2023-08-10 14:50:59:nuclia loader:Auth error 403: 
Traceback (most recent call last):
INFO:2023-08-10 17:17:14:nuclia loader:adding resource for https://www.rfa.org/korean/in_focus/ifrc-08062010171234.html, language kr
INFO:2023-08-10 17:17:15:httpx:HTTP Request: POST https://europe-1.nuclia.cloud/api/v1/kb/1194b6c4-fc68-4dcf-b969-49b96380bfe9/resources "HTTP/1.1 409 Conflict"
ERROR:2023-08-10 17:17:15:nuclia loader:{"detail":"Resource slug 8b663ca021fe4af1d3781fbfc9bc5c79 already exists"}
Traceback (most recent call last):
--
INFO:2023-08-10 17:17:15:nuclia loader:adding resource for https://www.rfa.org/korean/in_focus/ifrc-08292012165315.html, language kr
INFO:2023-08-10 17:17:15:httpx:HTTP Request: POST https://europe-1.nuclia.cloud/api/v1/kb/1194b6c4-fc68-4dcf-b969-49b96380bfe9/resources "HTTP/1.1 409 Conflict"
ERROR:2023-08-10 17:17:15:nuclia loader:{"detail":"Resource slug 064fe74b-1b10-49ef-abf0-d3a19187f591 already exists"}
Traceback (most recent call last):
--
INFO:2023-08-10 17:17:15:nuclia loader:adding resource for https://www.rfa.org/korean/in_focus/ifrc-08302011165213.html, language kr
INFO:2023-08-10 17:17:15:httpx:HTTP Request: POST https://europe-1.nuclia.cloud/api/v1/kb/1194b6c4-fc68-4dcf-b969-49b96380bfe9/resources "HTTP/1.1 409 Conflict"
ERROR:2023-08-10 17:17:15:nuclia loader:{"detail":"Resource slug 04f840b66c0af7ea50f82aeb88a75c5d already exists"}
Traceback (most recent call last):
--
INFO:2023-08-10 17:17:15:nuclia loader:adding resource for https://www.rfa.org/korean/in_focus/ifrc-09142011171522.html, language kr
INFO:2023-08-10 17:17:15:httpx:HTTP Request: POST https://europe-1.nuclia.cloud/api/v1/kb/1194b6c4-fc68-4dcf-b969-49b96380bfe9/resources "HTTP/1.1 409 Conflict"
ERROR:2023-08-10 17:17:15:nuclia loader:{"detail":"Resource slug b5a39806a34df3df8945d333aaa7b43d already exists"}
Traceback (most recent call last):
--
INFO:2023-08-10 17:17:15:nuclia loader:adding resource for https://www.rfa.org/korean/in_focus/ifrc-10152010171611.html, language kr
INFO:2023-08-10 17:17:16:httpx:HTTP Request: POST https://europe-1.nuclia.cloud/api/v1/kb/1194b6c4-fc68-4dcf-b969-49b96380bfe9/resources "HTTP/1.1 409 Conflict"
ERROR:2023-08-10 17:17:16:nuclia loader:{"detail":"Resource slug 559584e46c3e99eabd8dab4430ccd658 already exists"}
Traceback (most recent call last):
--
INFO:2023-08-10 17:17:16:nuclia loader:adding resource for https://www.rfa.org/korean/in_focus/ifrc-10232012163254.html, language kr
INFO:2023-08-10 17:17:16:httpx:HTTP Request: POST https://europe-1.nuclia.cloud/api/v1/kb/1194b6c4-fc68-4dcf-b969-49b96380bfe9/resources "HTTP/1.1 409 Conflict"
ERROR:2023-08-10 17:17:16:nuclia loader:{"detail":"Resource slug 5a033c1b-daf2-4d9c-8e4d-48b90cd43efb already exists"}
Traceback (most recent call last):
--
INFO:2023-08-10 17:17:16:nuclia loader:adding resource for https://www.rfa.org/korean/in_focus/ifrc-11082011154800.html, language kr
INFO:2023-08-10 17:17:16:httpx:HTTP Request: POST https://europe-1.nuclia.cloud/api/v1/kb/1194b6c4-fc68-4dcf-b969-49b96380bfe9/resources "HTTP/1.1 409 Conflict"
ERROR:2023-08-10 17:17:16:nuclia loader:{"detail":"Resource slug 2ac28734b53387372f1911460dbe9170 already exists"}
Traceback (most recent call last):
--
INFO:2023-08-10 17:17:16:nuclia loader:adding resource for https://www.rfa.org/korean/in_focus/ifrc-11102011152337.html, language kr
INFO:2023-08-10 17:17:16:httpx:HTTP Request: POST https://europe-1.nuclia.cloud/api/v1/kb/1194b6c4-fc68-4dcf-b969-49b96380bfe9/resources "HTTP/1.1 409 Conflict"
ERROR:2023-08-10 17:17:16:nuclia loader:{"detail":"Resource slug d7e38563349c41340d53b32aeefc7129 already exists"}
Traceback (most recent call last):
--
INFO:2023-08-10 20:42:02:nuclia loader:adding resource for https://www.rfa.org/korean/in_focus/nk_nuclear_talks/ne-jw-10202017154902.html, language kr
INFO:2023-08-10 20:42:02:httpx:HTTP Request: POST https://europe-1.nuclia.cloud/api/v1/kb/1194b6c4-fc68-4dcf-b969-49b96380bfe9/resources "HTTP/1.1 403 Forbidden"
ERROR:2023-08-10 20:42:02:nuclia loader:Auth error 403: 
Traceback (most recent call last):
--
INFO:2023-08-10 23:15:51:nuclia loader:adding resource for https://www.rfa.org/korean/in_focus/seg4-20040830.html, language kr
INFO:2023-08-10 23:15:51:httpx:HTTP Request: POST https://europe-1.nuclia.cloud/api/v1/kb/1194b6c4-fc68-4dcf-b969-49b96380bfe9/resources "HTTP/1.1 403 Forbidden"
ERROR:2023-08-10 23:15:51:nuclia loader:Auth error 403: 
Traceback (most recent call last):
--
INFO:2023-08-11 05:30:06:nuclia loader:adding resource for https://www.rfa.org/korean/news_indepth/human_rights-03212023104837.html, language kr
INFO:2023-08-11 05:30:07:httpx:HTTP Request: POST https://europe-1.nuclia.cloud/api/v1/kb/1194b6c4-fc68-4dcf-b969-49b96380bfe9/resources "HTTP/1.1 403 Forbidden"
ERROR:2023-08-11 05:30:07:nuclia loader:Auth error 403: 
Traceback (most recent call last):
