INFO:2023-08-14 15:28:56:httpx:HTTP Request: POST https://europe-1.nuclia.cloud/api/v1/kb/1194b6c4-fc68-4dcf-b969-49b96380bfe9/resources "HTTP/1.1 403 Forbidden"
ERROR:2023-08-14 15:28:56:nuclia loader:Auth error 403: 
Traceback (most recent call last):
  File "/home/mcfaddenm/repos/nuclia-loader/loader.py", line 129, in load_file
--
INFO:2023-08-14 15:47:44:httpx:HTTP Request: POST https://europe-1.nuclia.cloud/api/v1/kb/1194b6c4-fc68-4dcf-b969-49b96380bfe9/resources "HTTP/1.1 403 Forbidden"
ERROR:2023-08-14 15:47:44:nuclia loader:Auth error 403: 
Traceback (most recent call last):
  File "/home/mcfaddenm/repos/nuclia-loader/loader.py", line 129, in load_file
--
INFO:2023-08-14 19:51:55:httpx:HTTP Request: POST https://europe-1.nuclia.cloud/api/v1/kb/1194b6c4-fc68-4dcf-b969-49b96380bfe9/resources "HTTP/1.1 403 Forbidden"
ERROR:2023-08-14 19:51:55:nuclia loader:Auth error 403: 
Traceback (most recent call last):
  File "/home/mcfaddenm/repos/nuclia-loader/loader.py", line 129, in load_file
--
INFO:2023-08-14 22:31:35:httpx:HTTP Request: POST https://europe-1.nuclia.cloud/api/v1/kb/1194b6c4-fc68-4dcf-b969-49b96380bfe9/resources "HTTP/1.1 403 Forbidden"
ERROR:2023-08-14 22:31:35:nuclia loader:Auth error 403: 
Traceback (most recent call last):
  File "/home/mcfaddenm/repos/nuclia-loader/loader.py", line 129, in load_file
--
INFO:2023-08-14 22:51:12:httpx:HTTP Request: POST https://europe-1.nuclia.cloud/api/v1/kb/1194b6c4-fc68-4dcf-b969-49b96380bfe9/resources "HTTP/1.1 403 Forbidden"
ERROR:2023-08-14 22:51:12:nuclia loader:Auth error 403: 
Traceback (most recent call last):
  File "/home/mcfaddenm/repos/nuclia-loader/loader.py", line 129, in load_file
--
INFO:2023-08-15 00:11:48:httpx:HTTP Request: POST https://europe-1.nuclia.cloud/api/v1/kb/1194b6c4-fc68-4dcf-b969-49b96380bfe9/resources "HTTP/1.1 403 Forbidden"
ERROR:2023-08-15 00:11:48:nuclia loader:Auth error 403: 
Traceback (most recent call last):
  File "/home/mcfaddenm/repos/nuclia-loader/loader.py", line 129, in load_file
